<?xml version="1.0" encoding="UTF-8"?>
<testsuite xmlns:xsi="http://www.w3.org/2001/XMLSchema-instance" xsi:noNamespaceSchemaLocation="https://maven.apache.org/surefire/maven-surefire-plugin/xsd/surefire-test-report-3.0.xsd" version="3.0" name="com.revature.tests.EmployeeServiceTests" time="0.541" tests="13" errors="0" skipped="0" failures="0">
  <properties>
[...]
</properties>
  <testcase name="testConfirmLogin_WhenPasswordIsIncorrect_returnEmptyObj" classname="com.revature.tests.EmployeeServiceTests" time="0.527"/>
  <testcase name="testgetInfo_WhenEmpWithId20inDB_returnEmpWithId20" classname="com.revature.tests.EmployeeServiceTests" time="0.001"/>
  <testcase name="testGetAll_WhenTwoEmpInDB_return2Emp" classname="com.revature.tests.EmployeeServiceTests" time="0"/>
  <testcase name="testgetResolvedReimbursementRequest_WhenOnlyOneRtWithStatusApproved_returnRtWithId2" classname="com.revature.tests.EmployeeServiceTests" time="0.002"/>
  <testcase name="testConfirmLogin_WhenUsernameAndPasswordMathch_returnEmp" classname="com.revature.tests.EmployeeServiceTests" time="0"/>
  <testcase name="testgetPendingReimbursementRequest_When1RtWithStatusPending_return1Rt" classname="com.revature.tests.EmployeeServiceTests" time="0.001"/>
  <testcase name="testgetPendingReimbursementRequest_When2RtWithStatusPending_return2Rt" classname="com.revature.tests.EmployeeServiceTests" time="0.001"/>
  <testcase name="testRegister_WhenNullEmpTryToRegister_return0" classname="com.revature.tests.EmployeeServiceTests" time="0"/>
  <testcase name="testRegister_WhenValidEmpTryToRegister_returnId" classname="com.revature.tests.EmployeeServiceTests" time="0"/>
  <testcase name="testgetResolvedReimbursementRequest_When2RtWithResolvedRequest_return2Rt" classname="com.revature.tests.EmployeeServiceTests" time="0"/>
  <testcase name="testupdateInfo_WhenEmpWithId20InDB_returnTrue" classname="com.revature.tests.EmployeeServiceTests" time="0"/>
  <testcase name="testgetInfo_WhenNoOneInDB_returnEmptyEmpObj" classname="com.revature.tests.EmployeeServiceTests" time="0.001"/>
  <testcase name="testGetAll_WhenNoUserInDB_returnEmptyObj" classname="com.revature.tests.EmployeeServiceTests" time="0"/>
</testsuite>